Build started 19.1.2011 10:21:55.
Project "Z:\cprograming\exercise3\exercise3\exercise3.vcxproj" on node 2 (build target(s)).
InitializeBuildStatus:
  Creating "Debug\exercise3.unsuccessfulbuild" because "AlwaysCreate" was specified.
ClCompile:
  C:\Program Files\Microsoft Visual Studio 10.0\VC\bin\CL.exe /c /ZI /nologo /W3 /WX- /Od /Oy- /D WIN32 /D _DEBUG /D _CONSOLE /D _UNICODE /D UNICODE /Gm /EHsc /RTC1 /MDd /GS /fp:precise /Zc:wchar_t /Zc:forScope /Fo"Debug\\" /Fd"Debug\vc100.pdb" /Gd /TC /analyze- /errorReport:prompt exercise3.c
  exercise3.c
z:\cprograming\exercise3\exercise3\exercise3.c(5): warning C4305: 'initializing' : truncation from 'double' to 'float'
ManifestResourceCompile:
  All outputs are up-to-date.
Link:
  C:\Program Files\Microsoft Visual Studio 10.0\VC\bin\link.exe /ERRORREPORT:PROMPT /OUT:"Z:\cprograming\exercise3\Debug\exercise3.exe" /INCREMENTAL /NOLOGO kernel32.lib user32.lib gdi32.lib winspool.lib comdlg32.lib advapi32.lib shell32.lib ole32.lib oleaut32.lib uuid.lib odbc32.lib odbccp32.lib /MANIFEST /ManifestFile:"Debug\exercise3.exe.intermediate.manifest" /MANIFESTUAC:"level='asInvoker' uiAccess='false'" /DEBUG /PDB:"Z:\cprograming\exercise3\Debug\exercise3.pdb" /SUBSYSTEM:CONSOLE /TLBID:1 /DYNAMICBASE /NXCOMPAT /IMPLIB:"Z:\cprograming\exercise3\Debug\exercise3.lib" /MACHINE:X86 Debug\exercise3.exe.embed.manifest.res
  Debug\exercise3.obj
Manifest:
  C:\Program Files\Microsoft SDKs\Windows\v7.0A\bin\mt.exe /nologo /verbose /out:"Debug\exercise3.exe.embed.manifest" /manifest Debug\exercise3.exe.intermediate.manifest
  All outputs are up-to-date.
LinkEmbedManifest:
  C:\Program Files\Microsoft Visual Studio 10.0\VC\bin\link.exe /ERRORREPORT:PROMPT /OUT:"Z:\cprograming\exercise3\Debug\exercise3.exe" /INCREMENTAL /NOLOGO kernel32.lib user32.lib gdi32.lib winspool.lib comdlg32.lib advapi32.lib shell32.lib ole32.lib oleaut32.lib uuid.lib odbc32.lib odbccp32.lib /MANIFEST /ManifestFile:"Debug\exercise3.exe.intermediate.manifest" /MANIFESTUAC:"level='asInvoker' uiAccess='false'" /DEBUG /PDB:"Z:\cprograming\exercise3\Debug\exercise3.pdb" /SUBSYSTEM:CONSOLE /TLBID:1 /DYNAMICBASE /NXCOMPAT /IMPLIB:"Z:\cprograming\exercise3\Debug\exercise3.lib" /MACHINE:X86 Debug\exercise3.exe.embed.manifest.res
  Debug\exercise3.obj
  exercise3.vcxproj -> Z:\cprograming\exercise3\Debug\exercise3.exe
FinalizeBuildStatus:
  Deleting file "Debug\exercise3.unsuccessfulbuild".
  Touching "Debug\exercise3.lastbuildstate".
Done Building Project "Z:\cprograming\exercise3\exercise3\exercise3.vcxproj" (build target(s)).

Build succeeded.

Time Elapsed 00:00:04.83
