Build started 14.1.2011 16:23:12.
Project "Z:\c programming\3exercise\3exercise\3exercise.vcxproj" on node 2 (rebuild target(s)).
_PrepareForClean:
  Deleting file "Debug\3exercise.lastbuildstate".
InitializeBuildStatus:
  Creating "Debug\3exercise.unsuccessfulbuild" because "AlwaysCreate" was specified.
ClCompile:
  C:\Program Files\Microsoft Visual Studio 10.0\VC\bin\CL.exe /c /ZI /nologo /W3 /WX- /Od /Oy- /D WIN32 /D _DEBUG /D _CONSOLE /D _UNICODE /D UNICODE /Gm /EHsc /RTC1 /MDd /GS /fp:precise /Zc:wchar_t /Zc:forScope /Fo"Debug\\" /Fd"Debug\vc100.pdb" /Gd /TC /analyze- /errorReport:prompt 3exercise.c
  3exercise.c
z:\c programming\3exercise\3exercise\3exercise.c(13): warning C4244: 'initializing' : conversion from 'double' to 'int', possible loss of data
z:\c programming\3exercise\3exercise\3exercise.c(17): warning C4996: 'scanf': This function or variable may be unsafe. Consider using scanf_s instead. To disable deprecation, use _CRT_SECURE_NO_WARNINGS. See online help for details.
          c:\program files\microsoft visual studio 10.0\vc\include\stdio.h(304) : see declaration of 'scanf'
ManifestResourceCompile:
  C:\Program Files\Microsoft SDKs\Windows\v7.0A\bin\rc.exe /nologo /fo"Debug\3exercise.exe.embed.manifest.res" Debug\3exercise_manifest.rc 
Link:
  C:\Program Files\Microsoft Visual Studio 10.0\VC\bin\link.exe /ERRORREPORT:PROMPT /OUT:"Z:\c programming\3exercise\Debug\3exercise.exe" /INCREMENTAL /NOLOGO kernel32.lib user32.lib gdi32.lib winspool.lib comdlg32.lib advapi32.lib shell32.lib ole32.lib oleaut32.lib uuid.lib odbc32.lib odbccp32.lib /MANIFEST /ManifestFile:"Debug\3exercise.exe.intermediate.manifest" /MANIFESTUAC:"level='asInvoker' uiAccess='false'" /DEBUG /PDB:"Z:\c programming\3exercise\Debug\3exercise.pdb" /SUBSYSTEM:CONSOLE /TLBID:1 /DYNAMICBASE /NXCOMPAT /IMPLIB:"Z:\c programming\3exercise\Debug\3exercise.lib" /MACHINE:X86 Debug\3exercise.exe.embed.manifest.res
  Debug\3exercise.obj
Manifest:
  Deleting file "Debug\3exercise.exe.embed.manifest".
  C:\Program Files\Microsoft SDKs\Windows\v7.0A\bin\mt.exe /nologo /verbose /out:"Debug\3exercise.exe.embed.manifest" /manifest Debug\3exercise.exe.intermediate.manifest
  C:\Program Files\Microsoft SDKs\Windows\v7.0A\bin\rc.exe /nologo /fo"Debug\3exercise.exe.embed.manifest.res" Debug\3exercise_manifest.rc 
LinkEmbedManifest:
  C:\Program Files\Microsoft Visual Studio 10.0\VC\bin\link.exe /ERRORREPORT:PROMPT /OUT:"Z:\c programming\3exercise\Debug\3exercise.exe" /INCREMENTAL /NOLOGO kernel32.lib user32.lib gdi32.lib winspool.lib comdlg32.lib advapi32.lib shell32.lib ole32.lib oleaut32.lib uuid.lib odbc32.lib odbccp32.lib /MANIFEST /ManifestFile:"Debug\3exercise.exe.intermediate.manifest" /MANIFESTUAC:"level='asInvoker' uiAccess='false'" /DEBUG /PDB:"Z:\c programming\3exercise\Debug\3exercise.pdb" /SUBSYSTEM:CONSOLE /TLBID:1 /DYNAMICBASE /NXCOMPAT /IMPLIB:"Z:\c programming\3exercise\Debug\3exercise.lib" /MACHINE:X86 Debug\3exercise.exe.embed.manifest.res
  Debug\3exercise.obj
  3exercise.vcxproj -> Z:\c programming\3exercise\Debug\3exercise.exe
FinalizeBuildStatus:
  Deleting file "Debug\3exercise.unsuccessfulbuild".
  Touching "Debug\3exercise.lastbuildstate".
Done Building Project "Z:\c programming\3exercise\3exercise\3exercise.vcxproj" (rebuild target(s)).

Build succeeded.

Time Elapsed 00:00:03.62
