Z:\C PROGRAMMING\3EXERCISE\3EXERCISE\DEBUG\3EXERCISE.EXE.EMBED.MANIFEST
Z:\C PROGRAMMING\3EXERCISE\3EXERCISE\DEBUG\3EXERCISE.EXE.EMBED.MANIFEST.RES
Z:\C PROGRAMMING\3EXERCISE\3EXERCISE\DEBUG\3EXERCISE.EXE.INTERMEDIATE.MANIFEST
Z:\C PROGRAMMING\3EXERCISE\3EXERCISE\DEBUG\3EXERCISE.OBJ
Z:\c programming\3exercise\3exercise\Debug\3exercise_manifest.rc
Z:\c programming\3exercise\3exercise\Debug\cl.command.1.tlog
Z:\c programming\3exercise\3exercise\Debug\CL.read.1.tlog
Z:\c programming\3exercise\3exercise\Debug\CL.write.1.tlog
Z:\c programming\3exercise\3exercise\Debug\link.3168.read.1.tlog
Z:\c programming\3exercise\3exercise\Debug\link.3168.write.1.tlog
Z:\c programming\3exercise\3exercise\Debug\link.3168-cvtres.read.1.tlog
Z:\c programming\3exercise\3exercise\Debug\link.3168-cvtres.write.1.tlog
Z:\c programming\3exercise\3exercise\Debug\link.command.1.tlog
Z:\c programming\3exercise\3exercise\Debug\link.read.1.tlog
Z:\c programming\3exercise\3exercise\Debug\link.write.1.tlog
Z:\c programming\3exercise\3exercise\Debug\link-cvtres.read.1.tlog
Z:\c programming\3exercise\3exercise\Debug\link-cvtres.write.1.tlog
Z:\c programming\3exercise\3exercise\Debug\mt.command.1.tlog
Z:\c programming\3exercise\3exercise\Debug\mt.read.1.tlog
Z:\c programming\3exercise\3exercise\Debug\mt.write.1.tlog
Z:\c programming\3exercise\3exercise\Debug\rc.command.1.tlog
Z:\c programming\3exercise\3exercise\Debug\rc.read.1.tlog
Z:\c programming\3exercise\3exercise\Debug\rc.write.1.tlog
Z:\c programming\3exercise\3exercise\Debug\vc100.idb
Z:\C PROGRAMMING\3EXERCISE\3EXERCISE\DEBUG\VC100.PDB
Z:\c programming\3exercise\Debug\3exercise.exe
Z:\C PROGRAMMING\3EXERCISE\DEBUG\3EXERCISE.ILK
Z:\C PROGRAMMING\3EXERCISE\DEBUG\3EXERCISE.PDB
