Z:\c programming\exercise14\Debug\exercise14.exe
Z:\C PROGRAMMING\EXERCISE14\DEBUG\EXERCISE14.ILK
Z:\C PROGRAMMING\EXERCISE14\DEBUG\EXERCISE14.PDB
Z:\c programming\exercise14\exercise14\Debug\cl.command.1.tlog
Z:\c programming\exercise14\exercise14\Debug\CL.read.1.tlog
Z:\c programming\exercise14\exercise14\Debug\CL.write.1.tlog
Z:\C PROGRAMMING\EXERCISE14\EXERCISE14\DEBUG\EXERCISE14.EXE.EMBED.MANIFEST
Z:\C PROGRAMMING\EXERCISE14\EXERCISE14\DEBUG\EXERCISE14.EXE.EMBED.MANIFEST.RES
Z:\C PROGRAMMING\EXERCISE14\EXERCISE14\DEBUG\EXERCISE14.EXE.INTERMEDIATE.MANIFEST
Z:\C PROGRAMMING\EXERCISE14\EXERCISE14\DEBUG\EXERCISE14.OBJ
Z:\c programming\exercise14\exercise14\Debug\exercise14_manifest.rc
Z:\c programming\exercise14\exercise14\Debug\link.1572.read.1.tlog
Z:\c programming\exercise14\exercise14\Debug\link.1572.write.1.tlog
Z:\c programming\exercise14\exercise14\Debug\link.1572-cvtres.read.1.tlog
Z:\c programming\exercise14\exercise14\Debug\link.1572-cvtres.write.1.tlog
Z:\c programming\exercise14\exercise14\Debug\link.command.1.tlog
Z:\c programming\exercise14\exercise14\Debug\link.read.1.tlog
Z:\c programming\exercise14\exercise14\Debug\link.write.1.tlog
Z:\c programming\exercise14\exercise14\Debug\link-cvtres.read.1.tlog
Z:\c programming\exercise14\exercise14\Debug\link-cvtres.write.1.tlog
Z:\c programming\exercise14\exercise14\Debug\mt.command.1.tlog
Z:\c programming\exercise14\exercise14\Debug\mt.read.1.tlog
Z:\c programming\exercise14\exercise14\Debug\mt.write.1.tlog
Z:\c programming\exercise14\exercise14\Debug\rc.command.1.tlog
Z:\c programming\exercise14\exercise14\Debug\rc.read.1.tlog
Z:\c programming\exercise14\exercise14\Debug\rc.write.1.tlog
Z:\c programming\exercise14\exercise14\Debug\vc100.idb
Z:\C PROGRAMMING\EXERCISE14\EXERCISE14\DEBUG\VC100.PDB
