Build started 2.3.2011 16:39:57.
Project "Z:\c programming\exercise14\exercise14\exercise14.vcxproj" on node 2 (build target(s)).
InitializeBuildStatus:
  Creating "Debug\exercise14.unsuccessfulbuild" because "AlwaysCreate" was specified.
ClCompile:
  C:\Program Files\Microsoft Visual Studio 10.0\VC\bin\CL.exe /c /ZI /nologo /W3 /WX- /Od /Oy- /D WIN32 /D _DEBUG /D _CONSOLE /D _UNICODE /D UNICODE /Gm /EHsc /RTC1 /MDd /GS /fp:precise /Zc:wchar_t /Zc:forScope /Fo"Debug\\" /Fd"Debug\vc100.pdb" /Gd /TC /analyze- /errorReport:prompt exercise14.c
  exercise14.c
z:\c programming\exercise14\exercise14\exercise14.c(18): warning C4996: 'scanf': This function or variable may be unsafe. Consider using scanf_s instead. To disable deprecation, use _CRT_SECURE_NO_WARNINGS. See online help for details.
          c:\program files\microsoft visual studio 10.0\vc\include\stdio.h(304) : see declaration of 'scanf'
ManifestResourceCompile:
  All outputs are up-to-date.
Link:
  C:\Program Files\Microsoft Visual Studio 10.0\VC\bin\link.exe /ERRORREPORT:PROMPT /OUT:"Z:\c programming\exercise14\Debug\exercise14.exe" /INCREMENTAL /NOLOGO kernel32.lib user32.lib gdi32.lib winspool.lib comdlg32.lib advapi32.lib shell32.lib ole32.lib oleaut32.lib uuid.lib odbc32.lib odbccp32.lib /MANIFEST /ManifestFile:"Debug\exercise14.exe.intermediate.manifest" /MANIFESTUAC:"level='asInvoker' uiAccess='false'" /DEBUG /PDB:"Z:\c programming\exercise14\Debug\exercise14.pdb" /SUBSYSTEM:CONSOLE /TLBID:1 /DYNAMICBASE /NXCOMPAT /IMPLIB:"Z:\c programming\exercise14\Debug\exercise14.lib" /MACHINE:X86 Debug\exercise14.exe.embed.manifest.res
  Debug\exercise14.obj
Manifest:
  C:\Program Files\Microsoft SDKs\Windows\v7.0A\bin\mt.exe /nologo /verbose /out:"Debug\exercise14.exe.embed.manifest" /manifest Debug\exercise14.exe.intermediate.manifest
  All outputs are up-to-date.
LinkEmbedManifest:
  C:\Program Files\Microsoft Visual Studio 10.0\VC\bin\link.exe /ERRORREPORT:PROMPT /OUT:"Z:\c programming\exercise14\Debug\exercise14.exe" /INCREMENTAL /NOLOGO kernel32.lib user32.lib gdi32.lib winspool.lib comdlg32.lib advapi32.lib shell32.lib ole32.lib oleaut32.lib uuid.lib odbc32.lib odbccp32.lib /MANIFEST /ManifestFile:"Debug\exercise14.exe.intermediate.manifest" /MANIFESTUAC:"level='asInvoker' uiAccess='false'" /DEBUG /PDB:"Z:\c programming\exercise14\Debug\exercise14.pdb" /SUBSYSTEM:CONSOLE /TLBID:1 /DYNAMICBASE /NXCOMPAT /IMPLIB:"Z:\c programming\exercise14\Debug\exercise14.lib" /MACHINE:X86 Debug\exercise14.exe.embed.manifest.res
  Debug\exercise14.obj
  exercise14.vcxproj -> Z:\c programming\exercise14\Debug\exercise14.exe
FinalizeBuildStatus:
  Deleting file "Debug\exercise14.unsuccessfulbuild".
  Touching "Debug\exercise14.lastbuildstate".
Done Building Project "Z:\c programming\exercise14\exercise14\exercise14.vcxproj" (build target(s)).

Build succeeded.

Time Elapsed 00:00:03.38
