Z:\c programming\exercise12\Debug\exercise12.exe
Z:\C PROGRAMMING\EXERCISE12\DEBUG\EXERCISE12.ILK
Z:\C PROGRAMMING\EXERCISE12\DEBUG\EXERCISE12.PDB
Z:\c programming\exercise12\exercise12\Debug\cl.command.1.tlog
Z:\c programming\exercise12\exercise12\Debug\CL.read.1.tlog
Z:\c programming\exercise12\exercise12\Debug\CL.write.1.tlog
Z:\C PROGRAMMING\EXERCISE12\EXERCISE12\DEBUG\EXERCISE12.EXE.EMBED.MANIFEST
Z:\C PROGRAMMING\EXERCISE12\EXERCISE12\DEBUG\EXERCISE12.EXE.EMBED.MANIFEST.RES
Z:\C PROGRAMMING\EXERCISE12\EXERCISE12\DEBUG\EXERCISE12.EXE.INTERMEDIATE.MANIFEST
Z:\C PROGRAMMING\EXERCISE12\EXERCISE12\DEBUG\EXERCISE12.OBJ
Z:\c programming\exercise12\exercise12\Debug\exercise12_manifest.rc
Z:\c programming\exercise12\exercise12\Debug\link.command.1.tlog
Z:\c programming\exercise12\exercise12\Debug\link.read.1.tlog
Z:\c programming\exercise12\exercise12\Debug\link.write.1.tlog
Z:\c programming\exercise12\exercise12\Debug\link-cvtres.read.1.tlog
Z:\c programming\exercise12\exercise12\Debug\link-cvtres.write.1.tlog
Z:\c programming\exercise12\exercise12\Debug\mt.command.1.tlog
Z:\c programming\exercise12\exercise12\Debug\mt.read.1.tlog
Z:\c programming\exercise12\exercise12\Debug\mt.write.1.tlog
Z:\c programming\exercise12\exercise12\Debug\rc.command.1.tlog
Z:\c programming\exercise12\exercise12\Debug\rc.read.1.tlog
Z:\c programming\exercise12\exercise12\Debug\rc.write.1.tlog
Z:\c programming\exercise12\exercise12\Debug\vc100.idb
Z:\C PROGRAMMING\EXERCISE12\EXERCISE12\DEBUG\VC100.PDB
