Z:\c programming\exercise9\Debug\exercise9.exe
Z:\c programming\exercise9\Debug\exercise9.ilk
Z:\C PROGRAMMING\EXERCISE9\DEBUG\EXERCISE9.PDB
Z:\c programming\exercise9\exercise9\Debug\cl.command.1.tlog
Z:\c programming\exercise9\exercise9\Debug\CL.read.1.tlog
Z:\c programming\exercise9\exercise9\Debug\CL.write.1.tlog
Z:\C PROGRAMMING\EXERCISE9\EXERCISE9\DEBUG\EXERCISE9.EXE.EMBED.MANIFEST
Z:\C PROGRAMMING\EXERCISE9\EXERCISE9\DEBUG\EXERCISE9.EXE.EMBED.MANIFEST.RES
Z:\c programming\exercise9\exercise9\Debug\exercise9.exe.intermediate.manifest
Z:\C PROGRAMMING\EXERCISE9\EXERCISE9\DEBUG\EXERCISE9.OBJ
Z:\c programming\exercise9\exercise9\Debug\exercise9_manifest.rc
Z:\c programming\exercise9\exercise9\Debug\link.1128.read.1.tlog
Z:\c programming\exercise9\exercise9\Debug\link.1128.write.1.tlog
Z:\c programming\exercise9\exercise9\Debug\link.1128-cvtres.read.1.tlog
Z:\c programming\exercise9\exercise9\Debug\link.1128-cvtres.write.1.tlog
Z:\c programming\exercise9\exercise9\Debug\link.command.1.tlog
Z:\c programming\exercise9\exercise9\Debug\link.read.1.tlog
Z:\c programming\exercise9\exercise9\Debug\link.write.1.tlog
Z:\c programming\exercise9\exercise9\Debug\link-cvtres.read.1.tlog
Z:\c programming\exercise9\exercise9\Debug\link-cvtres.write.1.tlog
Z:\c programming\exercise9\exercise9\Debug\mt.command.1.tlog
Z:\c programming\exercise9\exercise9\Debug\mt.read.1.tlog
Z:\c programming\exercise9\exercise9\Debug\mt.write.1.tlog
Z:\c programming\exercise9\exercise9\Debug\rc.command.1.tlog
Z:\c programming\exercise9\exercise9\Debug\rc.read.1.tlog
Z:\c programming\exercise9\exercise9\Debug\rc.write.1.tlog
Z:\c programming\exercise9\exercise9\Debug\vc100.idb
Z:\C PROGRAMMING\EXERCISE9\EXERCISE9\DEBUG\VC100.PDB
