Build started 13.4.2011 19:39:35.
Project "Z:\c programming\exercise30\exercise30\exercise30.vcxproj" on node 2 (build target(s)).
InitializeBuildStatus:
  Creating "Debug\exercise30.unsuccessfulbuild" because "AlwaysCreate" was specified.
ClCompile:
  C:\Program Files\Microsoft Visual Studio 10.0\VC\bin\CL.exe /c /ZI /nologo /W3 /WX- /Od /Oy- /D WIN32 /D _DEBUG /D _CONSOLE /D _UNICODE /D UNICODE /Gm /EHsc /RTC1 /MDd /GS /fp:precise /Zc:wchar_t /Zc:forScope /Fo"Debug\\" /Fd"Debug\vc100.pdb" /Gd /TC /analyze- /errorReport:prompt exercise30.c
  exercise30.c
z:\c programming\exercise30\exercise30\exercise30.c(27): warning C4996: 'scanf': This function or variable may be unsafe. Consider using scanf_s instead. To disable deprecation, use _CRT_SECURE_NO_WARNINGS. See online help for details.
          c:\program files\microsoft visual studio 10.0\vc\include\stdio.h(304) : see declaration of 'scanf'
z:\c programming\exercise30\exercise30\exercise30.c(28): warning C4996: 'fopen': This function or variable may be unsafe. Consider using fopen_s instead. To disable deprecation, use _CRT_SECURE_NO_WARNINGS. See online help for details.
          c:\program files\microsoft visual studio 10.0\vc\include\stdio.h(234) : see declaration of 'fopen'
z:\c programming\exercise30\exercise30\exercise30.c(21): warning C4101: 'line' : unreferenced local variable
z:\c programming\exercise30\exercise30\exercise30.c(19): warning C4101: 'info' : unreferenced local variable
ManifestResourceCompile:
  All outputs are up-to-date.
Link:
  C:\Program Files\Microsoft Visual Studio 10.0\VC\bin\link.exe /ERRORREPORT:PROMPT /OUT:"Z:\c programming\exercise30\Debug\exercise30.exe" /INCREMENTAL /NOLOGO kernel32.lib user32.lib gdi32.lib winspool.lib comdlg32.lib advapi32.lib shell32.lib ole32.lib oleaut32.lib uuid.lib odbc32.lib odbccp32.lib /MANIFEST /ManifestFile:"Debug\exercise30.exe.intermediate.manifest" /MANIFESTUAC:"level='asInvoker' uiAccess='false'" /DEBUG /PDB:"Z:\c programming\exercise30\Debug\exercise30.pdb" /SUBSYSTEM:CONSOLE /TLBID:1 /DYNAMICBASE /NXCOMPAT /IMPLIB:"Z:\c programming\exercise30\Debug\exercise30.lib" /MACHINE:X86 Debug\exercise30.exe.embed.manifest.res
  Debug\exercise30.obj
Manifest:
  C:\Program Files\Microsoft SDKs\Windows\v7.0A\bin\mt.exe /nologo /verbose /out:"Debug\exercise30.exe.embed.manifest" /manifest Debug\exercise30.exe.intermediate.manifest
  All outputs are up-to-date.
LinkEmbedManifest:
  C:\Program Files\Microsoft Visual Studio 10.0\VC\bin\link.exe /ERRORREPORT:PROMPT /OUT:"Z:\c programming\exercise30\Debug\exercise30.exe" /INCREMENTAL /NOLOGO kernel32.lib user32.lib gdi32.lib winspool.lib comdlg32.lib advapi32.lib shell32.lib ole32.lib oleaut32.lib uuid.lib odbc32.lib odbccp32.lib /MANIFEST /ManifestFile:"Debug\exercise30.exe.intermediate.manifest" /MANIFESTUAC:"level='asInvoker' uiAccess='false'" /DEBUG /PDB:"Z:\c programming\exercise30\Debug\exercise30.pdb" /SUBSYSTEM:CONSOLE /TLBID:1 /DYNAMICBASE /NXCOMPAT /IMPLIB:"Z:\c programming\exercise30\Debug\exercise30.lib" /MACHINE:X86 Debug\exercise30.exe.embed.manifest.res
  Debug\exercise30.obj
  exercise30.vcxproj -> Z:\c programming\exercise30\Debug\exercise30.exe
FinalizeBuildStatus:
  Deleting file "Debug\exercise30.unsuccessfulbuild".
  Touching "Debug\exercise30.lastbuildstate".
Done Building Project "Z:\c programming\exercise30\exercise30\exercise30.vcxproj" (build target(s)).

Build succeeded.

Time Elapsed 00:00:05.86
