Build started 11.4.2011 10:07:41.
Project "Z:\cprograming\exercise31\exercise31\exercise31.vcxproj" on node 2 (build target(s)).
InitializeBuildStatus:
  Touching "Debug\exercise31.unsuccessfulbuild".
ClCompile:
  C:\Program Files\Microsoft Visual Studio 10.0\VC\bin\CL.exe /c /ZI /nologo /W3 /WX- /Od /Oy- /D WIN32 /D _DEBUG /D _CONSOLE /D _UNICODE /D UNICODE /Gm /EHsc /RTC1 /MDd /GS /fp:precise /Zc:wchar_t /Zc:forScope /Fo"Debug\\" /Fd"Debug\vc100.pdb" /Gd /TC /analyze- /errorReport:prompt exercise31.c
  exercise31.c
z:\cprograming\exercise31\exercise31\exercise31.c(15): warning C4996: 'scanf': This function or variable may be unsafe. Consider using scanf_s instead. To disable deprecation, use _CRT_SECURE_NO_WARNINGS. See online help for details.
          c:\program files\microsoft visual studio 10.0\vc\include\stdio.h(304) : see declaration of 'scanf'
z:\cprograming\exercise31\exercise31\exercise31.c(33): warning C4996: 'scanf': This function or variable may be unsafe. Consider using scanf_s instead. To disable deprecation, use _CRT_SECURE_NO_WARNINGS. See online help for details.
          c:\program files\microsoft visual studio 10.0\vc\include\stdio.h(304) : see declaration of 'scanf'
ManifestResourceCompile:
  All outputs are up-to-date.
Link:
  C:\Program Files\Microsoft Visual Studio 10.0\VC\bin\link.exe /ERRORREPORT:PROMPT /OUT:"Z:\cprograming\exercise31\Debug\exercise31.exe" /INCREMENTAL /NOLOGO kernel32.lib user32.lib gdi32.lib winspool.lib comdlg32.lib advapi32.lib shell32.lib ole32.lib oleaut32.lib uuid.lib odbc32.lib odbccp32.lib /MANIFEST /ManifestFile:"Debug\exercise31.exe.intermediate.manifest" /MANIFESTUAC:"level='asInvoker' uiAccess='false'" /DEBUG /PDB:"Z:\cprograming\exercise31\Debug\exercise31.pdb" /SUBSYSTEM:CONSOLE /TLBID:1 /DYNAMICBASE /NXCOMPAT /IMPLIB:"Z:\cprograming\exercise31\Debug\exercise31.lib" /MACHINE:X86 Debug\exercise31.exe.embed.manifest.res
  Debug\exercise31.obj
Manifest:
  C:\Program Files\Microsoft SDKs\Windows\v7.0A\bin\mt.exe /nologo /verbose /out:"Debug\exercise31.exe.embed.manifest" /manifest Debug\exercise31.exe.intermediate.manifest
  C:\Program Files\Microsoft SDKs\Windows\v7.0A\bin\rc.exe /nologo /fo"Debug\exercise31.exe.embed.manifest.res" Debug\exercise31_manifest.rc 
LinkEmbedManifest:
  C:\Program Files\Microsoft Visual Studio 10.0\VC\bin\link.exe /ERRORREPORT:PROMPT /OUT:"Z:\cprograming\exercise31\Debug\exercise31.exe" /INCREMENTAL /NOLOGO kernel32.lib user32.lib gdi32.lib winspool.lib comdlg32.lib advapi32.lib shell32.lib ole32.lib oleaut32.lib uuid.lib odbc32.lib odbccp32.lib /MANIFEST /ManifestFile:"Debug\exercise31.exe.intermediate.manifest" /MANIFESTUAC:"level='asInvoker' uiAccess='false'" /DEBUG /PDB:"Z:\cprograming\exercise31\Debug\exercise31.pdb" /SUBSYSTEM:CONSOLE /TLBID:1 /DYNAMICBASE /NXCOMPAT /IMPLIB:"Z:\cprograming\exercise31\Debug\exercise31.lib" /MACHINE:X86 Debug\exercise31.exe.embed.manifest.res
  Debug\exercise31.obj
  exercise31.vcxproj -> Z:\cprograming\exercise31\Debug\exercise31.exe
FinalizeBuildStatus:
  Deleting file "Debug\exercise31.unsuccessfulbuild".
  Touching "Debug\exercise31.lastbuildstate".
Done Building Project "Z:\cprograming\exercise31\exercise31\exercise31.vcxproj" (build target(s)).

Build succeeded.

Time Elapsed 00:00:04.23
