Build started 19.1.2011 14:15:04.
Project "Z:\c programming\exercises\exercises\exercises.vcxproj" on node 2 (build target(s)).
InitializeBuildStatus:
  Touching "Debug\exercises.unsuccessfulbuild".
ClCompile:
  All outputs are up-to-date.
ManifestResourceCompile:
  All outputs are up-to-date.
Link:
  C:\Program Files\Microsoft Visual Studio 10.0\VC\bin\link.exe /ERRORREPORT:PROMPT /OUT:"Z:\c programming\exercises\Debug\exercises.exe" /INCREMENTAL /NOLOGO kernel32.lib user32.lib gdi32.lib winspool.lib comdlg32.lib advapi32.lib shell32.lib ole32.lib oleaut32.lib uuid.lib odbc32.lib odbccp32.lib /MANIFEST /ManifestFile:"Debug\exercises.exe.intermediate.manifest" /MANIFESTUAC:"level='asInvoker' uiAccess='false'" /DEBUG /PDB:"Z:\c programming\exercises\Debug\exercises.pdb" /SUBSYSTEM:CONSOLE /TLBID:1 /DYNAMICBASE /NXCOMPAT /IMPLIB:"Z:\c programming\exercises\Debug\exercises.lib" /MACHINE:X86 Debug\exercises.exe.embed.manifest.res
  Debug\exercise1.obj
Manifest:
  C:\Program Files\Microsoft SDKs\Windows\v7.0A\bin\mt.exe /nologo /verbose /out:"Debug\exercises.exe.embed.manifest" /manifest Debug\exercises.exe.intermediate.manifest
  All outputs are up-to-date.
LinkEmbedManifest:
  C:\Program Files\Microsoft Visual Studio 10.0\VC\bin\link.exe /ERRORREPORT:PROMPT /OUT:"Z:\c programming\exercises\Debug\exercises.exe" /INCREMENTAL /NOLOGO kernel32.lib user32.lib gdi32.lib winspool.lib comdlg32.lib advapi32.lib shell32.lib ole32.lib oleaut32.lib uuid.lib odbc32.lib odbccp32.lib /MANIFEST /ManifestFile:"Debug\exercises.exe.intermediate.manifest" /MANIFESTUAC:"level='asInvoker' uiAccess='false'" /DEBUG /PDB:"Z:\c programming\exercises\Debug\exercises.pdb" /SUBSYSTEM:CONSOLE /TLBID:1 /DYNAMICBASE /NXCOMPAT /IMPLIB:"Z:\c programming\exercises\Debug\exercises.lib" /MACHINE:X86 Debug\exercises.exe.embed.manifest.res
  Debug\exercise1.obj
  exercises.vcxproj -> Z:\c programming\exercises\Debug\exercises.exe
FinalizeBuildStatus:
  Deleting file "Debug\exercises.unsuccessfulbuild".
  Touching "Debug\exercises.lastbuildstate".
Done Building Project "Z:\c programming\exercises\exercises\exercises.vcxproj" (build target(s)).

Build succeeded.

Time Elapsed 00:00:03.15
