Build started 11.4.2011 12:15:33.
Project "Z:\cprograming\exercise32\exercise32\exercise32.vcxproj" on node 2 (build target(s)).
InitializeBuildStatus:
  Creating "Debug\exercise32.unsuccessfulbuild" because "AlwaysCreate" was specified.
ClCompile:
  C:\Program Files\Microsoft Visual Studio 10.0\VC\bin\CL.exe /c /ZI /nologo /W3 /WX- /Od /Oy- /D WIN32 /D _DEBUG /D _CONSOLE /D _UNICODE /D UNICODE /Gm /EHsc /RTC1 /MDd /GS /fp:precise /Zc:wchar_t /Zc:forScope /Fo"Debug\\" /Fd"Debug\vc100.pdb" /Gd /TC /analyze- /errorReport:prompt exercise32.c
  exercise32.c
z:\cprograming\exercise32\exercise32\exercise32.c(15): warning C4133: 'function' : incompatible types - from 'int *' to 'const char *'
z:\cprograming\exercise32\exercise32\exercise32.c(15): warning C4996: 'sscanf': This function or variable may be unsafe. Consider using sscanf_s instead. To disable deprecation, use _CRT_SECURE_NO_WARNINGS. See online help for details.
          c:\program files\microsoft visual studio 10.0\vc\include\stdio.h(325) : see declaration of 'sscanf'
z:\cprograming\exercise32\exercise32\exercise32.c(30): warning C4996: 'fopen': This function or variable may be unsafe. Consider using fopen_s instead. To disable deprecation, use _CRT_SECURE_NO_WARNINGS. See online help for details.
          c:\program files\microsoft visual studio 10.0\vc\include\stdio.h(234) : see declaration of 'fopen'
ManifestResourceCompile:
  All outputs are up-to-date.
Link:
  C:\Program Files\Microsoft Visual Studio 10.0\VC\bin\link.exe /ERRORREPORT:PROMPT /OUT:"Z:\cprograming\exercise32\Debug\exercise32.exe" /INCREMENTAL /NOLOGO kernel32.lib user32.lib gdi32.lib winspool.lib comdlg32.lib advapi32.lib shell32.lib ole32.lib oleaut32.lib uuid.lib odbc32.lib odbccp32.lib /MANIFEST /ManifestFile:"Debug\exercise32.exe.intermediate.manifest" /MANIFESTUAC:"level='asInvoker' uiAccess='false'" /DEBUG /PDB:"Z:\cprograming\exercise32\Debug\exercise32.pdb" /SUBSYSTEM:CONSOLE /TLBID:1 /DYNAMICBASE /NXCOMPAT /IMPLIB:"Z:\cprograming\exercise32\Debug\exercise32.lib" /MACHINE:X86 Debug\exercise32.exe.embed.manifest.res
  Debug\exercise32.obj
Manifest:
  C:\Program Files\Microsoft SDKs\Windows\v7.0A\bin\mt.exe /nologo /verbose /out:"Debug\exercise32.exe.embed.manifest" /manifest Debug\exercise32.exe.intermediate.manifest
  All outputs are up-to-date.
LinkEmbedManifest:
  C:\Program Files\Microsoft Visual Studio 10.0\VC\bin\link.exe /ERRORREPORT:PROMPT /OUT:"Z:\cprograming\exercise32\Debug\exercise32.exe" /INCREMENTAL /NOLOGO kernel32.lib user32.lib gdi32.lib winspool.lib comdlg32.lib advapi32.lib shell32.lib ole32.lib oleaut32.lib uuid.lib odbc32.lib odbccp32.lib /MANIFEST /ManifestFile:"Debug\exercise32.exe.intermediate.manifest" /MANIFESTUAC:"level='asInvoker' uiAccess='false'" /DEBUG /PDB:"Z:\cprograming\exercise32\Debug\exercise32.pdb" /SUBSYSTEM:CONSOLE /TLBID:1 /DYNAMICBASE /NXCOMPAT /IMPLIB:"Z:\cprograming\exercise32\Debug\exercise32.lib" /MACHINE:X86 Debug\exercise32.exe.embed.manifest.res
  Debug\exercise32.obj
  exercise32.vcxproj -> Z:\cprograming\exercise32\Debug\exercise32.exe
FinalizeBuildStatus:
  Deleting file "Debug\exercise32.unsuccessfulbuild".
  Touching "Debug\exercise32.lastbuildstate".
Done Building Project "Z:\cprograming\exercise32\exercise32\exercise32.vcxproj" (build target(s)).

Build succeeded.

Time Elapsed 00:00:04.06
