Z:\cprograming\exercise24\Debug\exercise24.exe
Z:\cprograming\exercise24\Debug\exercise24.ilk
Z:\CPROGRAMING\EXERCISE24\DEBUG\EXERCISE24.PDB
Z:\cprograming\exercise24\exercise24\Debug\cl.command.1.tlog
Z:\cprograming\exercise24\exercise24\Debug\CL.read.1.tlog
Z:\cprograming\exercise24\exercise24\Debug\CL.write.1.tlog
Z:\CPROGRAMING\EXERCISE24\EXERCISE24\DEBUG\EXERCISE24.EXE.EMBED.MANIFEST
Z:\CPROGRAMING\EXERCISE24\EXERCISE24\DEBUG\EXERCISE24.EXE.EMBED.MANIFEST.RES
Z:\cprograming\exercise24\exercise24\Debug\exercise24.exe.intermediate.manifest
Z:\CPROGRAMING\EXERCISE24\EXERCISE24\DEBUG\EXERCISE24.OBJ
Z:\cprograming\exercise24\exercise24\Debug\exercise24_manifest.rc
Z:\cprograming\exercise24\exercise24\Debug\link.1720.read.1.tlog
Z:\cprograming\exercise24\exercise24\Debug\link.1720.write.1.tlog
Z:\cprograming\exercise24\exercise24\Debug\link.1720-cvtres.read.1.tlog
Z:\cprograming\exercise24\exercise24\Debug\link.1720-cvtres.write.1.tlog
Z:\cprograming\exercise24\exercise24\Debug\link.1732.read.1.tlog
Z:\cprograming\exercise24\exercise24\Debug\link.1732.write.1.tlog
Z:\cprograming\exercise24\exercise24\Debug\link.1732-cvtres.read.1.tlog
Z:\cprograming\exercise24\exercise24\Debug\link.1732-cvtres.write.1.tlog
Z:\cprograming\exercise24\exercise24\Debug\link.command.1.tlog
Z:\cprograming\exercise24\exercise24\Debug\link.read.1.tlog
Z:\cprograming\exercise24\exercise24\Debug\link.write.1.tlog
Z:\cprograming\exercise24\exercise24\Debug\link-cvtres.read.1.tlog
Z:\cprograming\exercise24\exercise24\Debug\link-cvtres.write.1.tlog
Z:\cprograming\exercise24\exercise24\Debug\mt.command.1.tlog
Z:\cprograming\exercise24\exercise24\Debug\mt.read.1.tlog
Z:\cprograming\exercise24\exercise24\Debug\mt.write.1.tlog
Z:\cprograming\exercise24\exercise24\Debug\rc.command.1.tlog
Z:\cprograming\exercise24\exercise24\Debug\rc.read.1.tlog
Z:\cprograming\exercise24\exercise24\Debug\rc.write.1.tlog
Z:\cprograming\exercise24\exercise24\Debug\vc100.idb
Z:\CPROGRAMING\EXERCISE24\EXERCISE24\DEBUG\VC100.PDB
