Z:\c programming\exercise21\Debug\exercise21.exe
Z:\C PROGRAMMING\EXERCISE21\DEBUG\EXERCISE21.ILK
Z:\C PROGRAMMING\EXERCISE21\DEBUG\EXERCISE21.PDB
Z:\c programming\exercise21\exercise21\Debug\cl.command.1.tlog
Z:\c programming\exercise21\exercise21\Debug\CL.read.1.tlog
Z:\c programming\exercise21\exercise21\Debug\CL.write.1.tlog
Z:\c programming\exercise21\exercise21\Debug\exercise21.exe.embed.manifest
Z:\C PROGRAMMING\EXERCISE21\EXERCISE21\DEBUG\EXERCISE21.EXE.EMBED.MANIFEST.RES
Z:\C PROGRAMMING\EXERCISE21\EXERCISE21\DEBUG\EXERCISE21.EXE.INTERMEDIATE.MANIFEST
Z:\C PROGRAMMING\EXERCISE21\EXERCISE21\DEBUG\EXERCISE21.OBJ
Z:\c programming\exercise21\exercise21\Debug\exercise21_manifest.rc
Z:\c programming\exercise21\exercise21\Debug\link.240.read.1.tlog
Z:\c programming\exercise21\exercise21\Debug\link.240.write.1.tlog
Z:\c programming\exercise21\exercise21\Debug\link.240-cvtres.read.1.tlog
Z:\c programming\exercise21\exercise21\Debug\link.240-cvtres.write.1.tlog
Z:\c programming\exercise21\exercise21\Debug\link.3192.read.1.tlog
Z:\c programming\exercise21\exercise21\Debug\link.3192.write.1.tlog
Z:\c programming\exercise21\exercise21\Debug\link.3192-cvtres.read.1.tlog
Z:\c programming\exercise21\exercise21\Debug\link.3192-cvtres.write.1.tlog
Z:\c programming\exercise21\exercise21\Debug\link.3540.read.1.tlog
Z:\c programming\exercise21\exercise21\Debug\link.3540.write.1.tlog
Z:\c programming\exercise21\exercise21\Debug\link.3540-cvtres.read.1.tlog
Z:\c programming\exercise21\exercise21\Debug\link.3540-cvtres.write.1.tlog
Z:\c programming\exercise21\exercise21\Debug\link.command.1.tlog
Z:\c programming\exercise21\exercise21\Debug\link.read.1.tlog
Z:\c programming\exercise21\exercise21\Debug\link.write.1.tlog
Z:\c programming\exercise21\exercise21\Debug\link-cvtres.read.1.tlog
Z:\c programming\exercise21\exercise21\Debug\link-cvtres.write.1.tlog
Z:\c programming\exercise21\exercise21\Debug\mt.command.1.tlog
Z:\c programming\exercise21\exercise21\Debug\mt.read.1.tlog
Z:\c programming\exercise21\exercise21\Debug\mt.write.1.tlog
Z:\c programming\exercise21\exercise21\Debug\rc.command.1.tlog
Z:\c programming\exercise21\exercise21\Debug\rc.read.1.tlog
Z:\c programming\exercise21\exercise21\Debug\rc.write.1.tlog
Z:\c programming\exercise21\exercise21\Debug\vc100.idb
Z:\C PROGRAMMING\EXERCISE21\EXERCISE21\DEBUG\VC100.PDB
Z:\CPROGRAMING\EXERCISE21\DEBUG\EXERCISE21.EXE
Z:\CPROGRAMING\EXERCISE21\DEBUG\EXERCISE21.ILK
Z:\CPROGRAMING\EXERCISE21\DEBUG\EXERCISE21.PDB
Z:\CPROGRAMING\EXERCISE21\EXERCISE21\DEBUG\EXERCISE21.EXE.EMBED.MANIFEST
Z:\CPROGRAMING\EXERCISE21\EXERCISE21\DEBUG\EXERCISE21.EXE.EMBED.MANIFEST.RES
Z:\CPROGRAMING\EXERCISE21\EXERCISE21\DEBUG\EXERCISE21.EXE.INTERMEDIATE.MANIFEST
Z:\CPROGRAMING\EXERCISE21\EXERCISE21\DEBUG\EXERCISE21.OBJ
Z:\CPROGRAMING\EXERCISE21\EXERCISE21\DEBUG\VC100.PDB
