Z:\C PROGRAMMING\EXERCISE29999\DEBUG\EXERCISE29999.EXE
Z:\C PROGRAMMING\EXERCISE29999\DEBUG\EXERCISE29999.ILK
Z:\C PROGRAMMING\EXERCISE29999\DEBUG\EXERCISE29999.PDB
Z:\c programming\exercise29999\exercise29999\Debug\cl.command.1.tlog
Z:\c programming\exercise29999\exercise29999\Debug\CL.read.1.tlog
Z:\c programming\exercise29999\exercise29999\Debug\CL.write.1.tlog
Z:\c programming\exercise29999\exercise29999\Debug\exercise29999.exe.embed.manifest
Z:\C PROGRAMMING\EXERCISE29999\EXERCISE29999\DEBUG\EXERCISE29999.EXE.EMBED.MANIFEST.RES
Z:\C PROGRAMMING\EXERCISE29999\EXERCISE29999\DEBUG\EXERCISE29999.EXE.INTERMEDIATE.MANIFEST
Z:\c programming\exercise29999\exercise29999\Debug\exercise29999_manifest.rc
Z:\C PROGRAMMING\EXERCISE29999\EXERCISE29999\DEBUG\EXERCISE9999.OBJ
Z:\c programming\exercise29999\exercise29999\Debug\link.1208.read.1.tlog
Z:\c programming\exercise29999\exercise29999\Debug\link.1208.write.1.tlog
Z:\c programming\exercise29999\exercise29999\Debug\link.1208-cvtres.read.1.tlog
Z:\c programming\exercise29999\exercise29999\Debug\link.1208-cvtres.write.1.tlog
Z:\c programming\exercise29999\exercise29999\Debug\link.command.1.tlog
Z:\c programming\exercise29999\exercise29999\Debug\link.read.1.tlog
Z:\c programming\exercise29999\exercise29999\Debug\link.write.1.tlog
Z:\c programming\exercise29999\exercise29999\Debug\link-cvtres.read.1.tlog
Z:\c programming\exercise29999\exercise29999\Debug\link-cvtres.write.1.tlog
Z:\c programming\exercise29999\exercise29999\Debug\mt.command.1.tlog
Z:\c programming\exercise29999\exercise29999\Debug\mt.read.1.tlog
Z:\c programming\exercise29999\exercise29999\Debug\mt.write.1.tlog
Z:\c programming\exercise29999\exercise29999\Debug\rc.command.1.tlog
Z:\c programming\exercise29999\exercise29999\Debug\rc.read.1.tlog
Z:\c programming\exercise29999\exercise29999\Debug\rc.write.1.tlog
Z:\c programming\exercise29999\exercise29999\Debug\vc100.idb
Z:\C PROGRAMMING\EXERCISE29999\EXERCISE29999\DEBUG\VC100.PDB
