Z:\c programming\exercise25\Debug\exercise25.exe
Z:\C PROGRAMMING\EXERCISE25\DEBUG\EXERCISE25.ILK
Z:\C PROGRAMMING\EXERCISE25\DEBUG\EXERCISE25.PDB
Z:\c programming\exercise25\exercise25\Debug\cl.command.1.tlog
Z:\c programming\exercise25\exercise25\Debug\CL.read.1.tlog
Z:\c programming\exercise25\exercise25\Debug\CL.write.1.tlog
Z:\c programming\exercise25\exercise25\Debug\exercise22.obj
Z:\c programming\exercise25\exercise25\Debug\exercise25.exe.embed.manifest
Z:\C PROGRAMMING\EXERCISE25\EXERCISE25\DEBUG\EXERCISE25.EXE.EMBED.MANIFEST.RES
Z:\C PROGRAMMING\EXERCISE25\EXERCISE25\DEBUG\EXERCISE25.EXE.INTERMEDIATE.MANIFEST
Z:\C PROGRAMMING\EXERCISE25\EXERCISE25\DEBUG\EXERCISE25.OBJ
Z:\c programming\exercise25\exercise25\Debug\exercise25_manifest.rc
Z:\c programming\exercise25\exercise25\Debug\link.3792.read.1.tlog
Z:\c programming\exercise25\exercise25\Debug\link.3792.write.1.tlog
Z:\c programming\exercise25\exercise25\Debug\link.3792-cvtres.read.1.tlog
Z:\c programming\exercise25\exercise25\Debug\link.3792-cvtres.write.1.tlog
Z:\c programming\exercise25\exercise25\Debug\link.832.read.1.tlog
Z:\c programming\exercise25\exercise25\Debug\link.832.write.1.tlog
Z:\c programming\exercise25\exercise25\Debug\link.832-cvtres.read.1.tlog
Z:\c programming\exercise25\exercise25\Debug\link.832-cvtres.write.1.tlog
Z:\c programming\exercise25\exercise25\Debug\link.command.1.tlog
Z:\c programming\exercise25\exercise25\Debug\link.read.1.tlog
Z:\c programming\exercise25\exercise25\Debug\link.write.1.tlog
Z:\c programming\exercise25\exercise25\Debug\link-cvtres.read.1.tlog
Z:\c programming\exercise25\exercise25\Debug\link-cvtres.write.1.tlog
Z:\c programming\exercise25\exercise25\Debug\mt.command.1.tlog
Z:\c programming\exercise25\exercise25\Debug\mt.read.1.tlog
Z:\c programming\exercise25\exercise25\Debug\mt.write.1.tlog
Z:\c programming\exercise25\exercise25\Debug\rc.command.1.tlog
Z:\c programming\exercise25\exercise25\Debug\rc.read.1.tlog
Z:\c programming\exercise25\exercise25\Debug\rc.write.1.tlog
Z:\c programming\exercise25\exercise25\Debug\vc100.idb
Z:\C PROGRAMMING\EXERCISE25\EXERCISE25\DEBUG\VC100.PDB
Z:\CPROGRAMING\EXERCISE25\DEBUG\EXERCISE25.ILK
Z:\CPROGRAMING\EXERCISE25\DEBUG\EXERCISE25.PDB
Z:\CPROGRAMING\EXERCISE25\EXERCISE25\DEBUG\EXERCISE22.OBJ
Z:\CPROGRAMING\EXERCISE25\EXERCISE25\DEBUG\EXERCISE25.EXE.EMBED.MANIFEST
Z:\CPROGRAMING\EXERCISE25\EXERCISE25\DEBUG\EXERCISE25.EXE.EMBED.MANIFEST.RES
Z:\CPROGRAMING\EXERCISE25\EXERCISE25\DEBUG\EXERCISE25.EXE.INTERMEDIATE.MANIFEST
Z:\CPROGRAMING\EXERCISE25\EXERCISE25\DEBUG\VC100.PDB
