Build started 13.4.2011 16:39:23.
Project "Z:\c programming\exercise25\exercise25\exercise25.vcxproj" on node 2 (rebuild target(s)).
_PrepareForClean:
  Deleting file "Debug\exercise25.lastbuildstate".
InitializeBuildStatus:
  Creating "Debug\exercise25.unsuccessfulbuild" because "AlwaysCreate" was specified.
ClCompile:
  C:\Program Files\Microsoft Visual Studio 10.0\VC\bin\CL.exe /c /ZI /nologo /W3 /WX- /Od /Oy- /D WIN32 /D _DEBUG /D _CONSOLE /D _UNICODE /D UNICODE /Gm /EHsc /RTC1 /MDd /GS /fp:precise /Zc:wchar_t /Zc:forScope /Fo"Debug\\" /Fd"Debug\vc100.pdb" /Gd /TC /analyze- /errorReport:prompt exercise25.c
  exercise25.c
z:\c programming\exercise25\exercise25\exercise25.c(19): warning C4101: 'i' : unreferenced local variable
z:\c programming\exercise25\exercise25\exercise25.c(18): warning C4101: 'ptr2' : unreferenced local variable
z:\c programming\exercise25\exercise25\exercise25.c(38): warning C4996: 'scanf': This function or variable may be unsafe. Consider using scanf_s instead. To disable deprecation, use _CRT_SECURE_NO_WARNINGS. See online help for details.
          c:\program files\microsoft visual studio 10.0\vc\include\stdio.h(304) : see declaration of 'scanf'
z:\c programming\exercise25\exercise25\exercise25.c(40): warning C4996: 'scanf': This function or variable may be unsafe. Consider using scanf_s instead. To disable deprecation, use _CRT_SECURE_NO_WARNINGS. See online help for details.
          c:\program files\microsoft visual studio 10.0\vc\include\stdio.h(304) : see declaration of 'scanf'
z:\c programming\exercise25\exercise25\exercise25.c(42): warning C4996: 'scanf': This function or variable may be unsafe. Consider using scanf_s instead. To disable deprecation, use _CRT_SECURE_NO_WARNINGS. See online help for details.
          c:\program files\microsoft visual studio 10.0\vc\include\stdio.h(304) : see declaration of 'scanf'
z:\c programming\exercise25\exercise25\exercise25.c(44): warning C4996: 'scanf': This function or variable may be unsafe. Consider using scanf_s instead. To disable deprecation, use _CRT_SECURE_NO_WARNINGS. See online help for details.
          c:\program files\microsoft visual studio 10.0\vc\include\stdio.h(304) : see declaration of 'scanf'
ManifestResourceCompile:
  C:\Program Files\Microsoft SDKs\Windows\v7.0A\bin\rc.exe /nologo /fo"Debug\exercise25.exe.embed.manifest.res" Debug\exercise25_manifest.rc 
Link:
  C:\Program Files\Microsoft Visual Studio 10.0\VC\bin\link.exe /ERRORREPORT:PROMPT /OUT:"Z:\c programming\exercise25\Debug\exercise25.exe" /INCREMENTAL /NOLOGO kernel32.lib user32.lib gdi32.lib winspool.lib comdlg32.lib advapi32.lib shell32.lib ole32.lib oleaut32.lib uuid.lib odbc32.lib odbccp32.lib /MANIFEST /ManifestFile:"Debug\exercise25.exe.intermediate.manifest" /MANIFESTUAC:"level='asInvoker' uiAccess='false'" /DEBUG /PDB:"Z:\c programming\exercise25\Debug\exercise25.pdb" /SUBSYSTEM:CONSOLE /TLBID:1 /DYNAMICBASE /NXCOMPAT /IMPLIB:"Z:\c programming\exercise25\Debug\exercise25.lib" /MACHINE:X86 Debug\exercise25.exe.embed.manifest.res
  Debug\exercise25.obj
Manifest:
  Deleting file "Debug\exercise25.exe.embed.manifest".
  C:\Program Files\Microsoft SDKs\Windows\v7.0A\bin\mt.exe /nologo /verbose /out:"Debug\exercise25.exe.embed.manifest" /manifest Debug\exercise25.exe.intermediate.manifest
  C:\Program Files\Microsoft SDKs\Windows\v7.0A\bin\rc.exe /nologo /fo"Debug\exercise25.exe.embed.manifest.res" Debug\exercise25_manifest.rc 
LinkEmbedManifest:
  C:\Program Files\Microsoft Visual Studio 10.0\VC\bin\link.exe /ERRORREPORT:PROMPT /OUT:"Z:\c programming\exercise25\Debug\exercise25.exe" /INCREMENTAL /NOLOGO kernel32.lib user32.lib gdi32.lib winspool.lib comdlg32.lib advapi32.lib shell32.lib ole32.lib oleaut32.lib uuid.lib odbc32.lib odbccp32.lib /MANIFEST /ManifestFile:"Debug\exercise25.exe.intermediate.manifest" /MANIFESTUAC:"level='asInvoker' uiAccess='false'" /DEBUG /PDB:"Z:\c programming\exercise25\Debug\exercise25.pdb" /SUBSYSTEM:CONSOLE /TLBID:1 /DYNAMICBASE /NXCOMPAT /IMPLIB:"Z:\c programming\exercise25\Debug\exercise25.lib" /MACHINE:X86 Debug\exercise25.exe.embed.manifest.res
  Debug\exercise25.obj
  exercise25.vcxproj -> Z:\c programming\exercise25\Debug\exercise25.exe
FinalizeBuildStatus:
  Deleting file "Debug\exercise25.unsuccessfulbuild".
  Touching "Debug\exercise25.lastbuildstate".
Done Building Project "Z:\c programming\exercise25\exercise25\exercise25.vcxproj" (rebuild target(s)).

Build succeeded.

Time Elapsed 00:00:04.76
