Build started 10.2.2011 14:28:38.
Project "Z:\c programming\exercise8\exercise9\exercise9.vcxproj" on node 2 (build target(s)).
InitializeBuildStatus:
  Creating "Debug\exercise9.unsuccessfulbuild" because "AlwaysCreate" was specified.
ClCompile:
  C:\Program Files\Microsoft Visual Studio 10.0\VC\bin\CL.exe /c /ZI /nologo /W3 /WX- /Od /Oy- /D WIN32 /D _DEBUG /D _CONSOLE /D _UNICODE /D UNICODE /Gm /EHsc /RTC1 /MDd /GS /fp:precise /Zc:wchar_t /Zc:forScope /Fo"Debug\\" /Fd"Debug\vc100.pdb" /Gd /TC /analyze- /errorReport:prompt exercise9.c
  exercise9.c
z:\c programming\exercise8\exercise9\exercise9.c(25): warning C4996: 'scanf': This function or variable may be unsafe. Consider using scanf_s instead. To disable deprecation, use _CRT_SECURE_NO_WARNINGS. See online help for details.
          c:\program files\microsoft visual studio 10.0\vc\include\stdio.h(304) : see declaration of 'scanf'
z:\c programming\exercise8\exercise9\exercise9.c(31): warning C4244: '=' : conversion from 'int' to 'float', possible loss of data
z:\c programming\exercise8\exercise9\exercise9.c(33): warning C4996: 'scanf': This function or variable may be unsafe. Consider using scanf_s instead. To disable deprecation, use _CRT_SECURE_NO_WARNINGS. See online help for details.
          c:\program files\microsoft visual studio 10.0\vc\include\stdio.h(304) : see declaration of 'scanf'
ManifestResourceCompile:
  All outputs are up-to-date.
Link:
  C:\Program Files\Microsoft Visual Studio 10.0\VC\bin\link.exe /ERRORREPORT:PROMPT /OUT:"Z:\c programming\exercise8\Debug\exercise9.exe" /INCREMENTAL /NOLOGO kernel32.lib user32.lib gdi32.lib winspool.lib comdlg32.lib advapi32.lib shell32.lib ole32.lib oleaut32.lib uuid.lib odbc32.lib odbccp32.lib /MANIFEST /ManifestFile:"Debug\exercise9.exe.intermediate.manifest" /MANIFESTUAC:"level='asInvoker' uiAccess='false'" /DEBUG /PDB:"Z:\c programming\exercise8\Debug\exercise9.pdb" /SUBSYSTEM:CONSOLE /TLBID:1 /DYNAMICBASE /NXCOMPAT /IMPLIB:"Z:\c programming\exercise8\Debug\exercise9.lib" /MACHINE:X86 Debug\exercise9.exe.embed.manifest.res
  Debug\exercise9.obj
Manifest:
  C:\Program Files\Microsoft SDKs\Windows\v7.0A\bin\mt.exe /nologo /verbose /out:"Debug\exercise9.exe.embed.manifest" /manifest Debug\exercise9.exe.intermediate.manifest
  All outputs are up-to-date.
LinkEmbedManifest:
  C:\Program Files\Microsoft Visual Studio 10.0\VC\bin\link.exe /ERRORREPORT:PROMPT /OUT:"Z:\c programming\exercise8\Debug\exercise9.exe" /INCREMENTAL /NOLOGO kernel32.lib user32.lib gdi32.lib winspool.lib comdlg32.lib advapi32.lib shell32.lib ole32.lib oleaut32.lib uuid.lib odbc32.lib odbccp32.lib /MANIFEST /ManifestFile:"Debug\exercise9.exe.intermediate.manifest" /MANIFESTUAC:"level='asInvoker' uiAccess='false'" /DEBUG /PDB:"Z:\c programming\exercise8\Debug\exercise9.pdb" /SUBSYSTEM:CONSOLE /TLBID:1 /DYNAMICBASE /NXCOMPAT /IMPLIB:"Z:\c programming\exercise8\Debug\exercise9.lib" /MACHINE:X86 Debug\exercise9.exe.embed.manifest.res
  Debug\exercise9.obj
  exercise9.vcxproj -> Z:\c programming\exercise8\Debug\exercise9.exe
FinalizeBuildStatus:
  Deleting file "Debug\exercise9.unsuccessfulbuild".
  Touching "Debug\exercise9.lastbuildstate".
Done Building Project "Z:\c programming\exercise8\exercise9\exercise9.vcxproj" (build target(s)).

Build succeeded.

Time Elapsed 00:00:04.28
