Z:\C PROGRAMMING\EXERCISE5\DEBUG\EXERCISE5.EXE
Z:\C PROGRAMMING\EXERCISE5\DEBUG\EXERCISE5.ILK
Z:\C PROGRAMMING\EXERCISE5\DEBUG\EXERCISE5.PDB
Z:\c programming\exercise5\exercise5\Debug\cl.command.1.tlog
Z:\c programming\exercise5\exercise5\Debug\CL.read.1.tlog
Z:\c programming\exercise5\exercise5\Debug\CL.write.1.tlog
Z:\C PROGRAMMING\EXERCISE5\EXERCISE5\DEBUG\EXERCISE5.EXE.EMBED.MANIFEST
Z:\C PROGRAMMING\EXERCISE5\EXERCISE5\DEBUG\EXERCISE5.EXE.EMBED.MANIFEST.RES
Z:\C PROGRAMMING\EXERCISE5\EXERCISE5\DEBUG\EXERCISE5.EXE.INTERMEDIATE.MANIFEST
Z:\c programming\exercise5\exercise5\Debug\exercise5.obj
Z:\c programming\exercise5\exercise5\Debug\exercise5_manifest.rc
Z:\c programming\exercise5\exercise5\Debug\link.1520.read.1.tlog
Z:\c programming\exercise5\exercise5\Debug\link.1520.write.1.tlog
Z:\c programming\exercise5\exercise5\Debug\link.1520-cvtres.read.1.tlog
Z:\c programming\exercise5\exercise5\Debug\link.1520-cvtres.write.1.tlog
Z:\c programming\exercise5\exercise5\Debug\link.command.1.tlog
Z:\c programming\exercise5\exercise5\Debug\link.read.1.tlog
Z:\c programming\exercise5\exercise5\Debug\link.write.1.tlog
Z:\c programming\exercise5\exercise5\Debug\link-cvtres.read.1.tlog
Z:\c programming\exercise5\exercise5\Debug\link-cvtres.write.1.tlog
Z:\c programming\exercise5\exercise5\Debug\mt.command.1.tlog
Z:\c programming\exercise5\exercise5\Debug\mt.read.1.tlog
Z:\c programming\exercise5\exercise5\Debug\mt.write.1.tlog
Z:\c programming\exercise5\exercise5\Debug\rc.command.1.tlog
Z:\c programming\exercise5\exercise5\Debug\rc.read.1.tlog
Z:\c programming\exercise5\exercise5\Debug\rc.write.1.tlog
Z:\c programming\exercise5\exercise5\Debug\vc100.idb
Z:\C PROGRAMMING\EXERCISE5\EXERCISE5\DEBUG\VC100.PDB
