Build started 19.1.2011 14:18:53.
Project "Z:\c programming\exercise5\exercise5\exercise5.vcxproj" on node 2 (rebuild target(s)).
_PrepareForClean:
  Deleting file "Debug\exercise5.lastbuildstate".
InitializeBuildStatus:
  Creating "Debug\exercise5.unsuccessfulbuild" because "AlwaysCreate" was specified.
ClCompile:
  C:\Program Files\Microsoft Visual Studio 10.0\VC\bin\CL.exe /c /ZI /nologo /W3 /WX- /Od /Oy- /D WIN32 /D _DEBUG /D _CONSOLE /D _UNICODE /D UNICODE /Gm /EHsc /RTC1 /MDd /GS /fp:precise /Zc:wchar_t /Zc:forScope /Fo"Debug\\" /Fd"Debug\vc100.pdb" /Gd /TC /analyze- /errorReport:prompt exercise5.c
  exercise5.c
z:\c programming\exercise5\exercise5\exercise5.c(17): warning C4996: 'scanf': This function or variable may be unsafe. Consider using scanf_s instead. To disable deprecation, use _CRT_SECURE_NO_WARNINGS. See online help for details.
          c:\program files\microsoft visual studio 10.0\vc\include\stdio.h(304) : see declaration of 'scanf'
z:\c programming\exercise5\exercise5\exercise5.c(19): warning C4996: 'scanf': This function or variable may be unsafe. Consider using scanf_s instead. To disable deprecation, use _CRT_SECURE_NO_WARNINGS. See online help for details.
          c:\program files\microsoft visual studio 10.0\vc\include\stdio.h(304) : see declaration of 'scanf'
ManifestResourceCompile:
  C:\Program Files\Microsoft SDKs\Windows\v7.0A\bin\rc.exe /nologo /fo"Debug\exercise5.exe.embed.manifest.res" Debug\exercise5_manifest.rc 
Link:
  C:\Program Files\Microsoft Visual Studio 10.0\VC\bin\link.exe /ERRORREPORT:PROMPT /OUT:"Z:\c programming\exercise5\Debug\exercise5.exe" /INCREMENTAL /NOLOGO kernel32.lib user32.lib gdi32.lib winspool.lib comdlg32.lib advapi32.lib shell32.lib ole32.lib oleaut32.lib uuid.lib odbc32.lib odbccp32.lib /MANIFEST /ManifestFile:"Debug\exercise5.exe.intermediate.manifest" /MANIFESTUAC:"level='asInvoker' uiAccess='false'" /DEBUG /PDB:"Z:\c programming\exercise5\Debug\exercise5.pdb" /SUBSYSTEM:CONSOLE /TLBID:1 /DYNAMICBASE /NXCOMPAT /IMPLIB:"Z:\c programming\exercise5\Debug\exercise5.lib" /MACHINE:X86 Debug\exercise5.exe.embed.manifest.res
  Debug\exercise5.obj
Manifest:
  Deleting file "Debug\exercise5.exe.embed.manifest".
  C:\Program Files\Microsoft SDKs\Windows\v7.0A\bin\mt.exe /nologo /verbose /out:"Debug\exercise5.exe.embed.manifest" /manifest Debug\exercise5.exe.intermediate.manifest
  C:\Program Files\Microsoft SDKs\Windows\v7.0A\bin\rc.exe /nologo /fo"Debug\exercise5.exe.embed.manifest.res" Debug\exercise5_manifest.rc 
LinkEmbedManifest:
  C:\Program Files\Microsoft Visual Studio 10.0\VC\bin\link.exe /ERRORREPORT:PROMPT /OUT:"Z:\c programming\exercise5\Debug\exercise5.exe" /INCREMENTAL /NOLOGO kernel32.lib user32.lib gdi32.lib winspool.lib comdlg32.lib advapi32.lib shell32.lib ole32.lib oleaut32.lib uuid.lib odbc32.lib odbccp32.lib /MANIFEST /ManifestFile:"Debug\exercise5.exe.intermediate.manifest" /MANIFESTUAC:"level='asInvoker' uiAccess='false'" /DEBUG /PDB:"Z:\c programming\exercise5\Debug\exercise5.pdb" /SUBSYSTEM:CONSOLE /TLBID:1 /DYNAMICBASE /NXCOMPAT /IMPLIB:"Z:\c programming\exercise5\Debug\exercise5.lib" /MACHINE:X86 Debug\exercise5.exe.embed.manifest.res
  Debug\exercise5.obj
  exercise5.vcxproj -> Z:\c programming\exercise5\Debug\exercise5.exe
FinalizeBuildStatus:
  Deleting file "Debug\exercise5.unsuccessfulbuild".
  Touching "Debug\exercise5.lastbuildstate".
Done Building Project "Z:\c programming\exercise5\exercise5\exercise5.vcxproj" (rebuild target(s)).

Build succeeded.

Time Elapsed 00:00:05.97
