Z:\c programming\exercise26\Debug\exercise26.exe
Z:\C PROGRAMMING\EXERCISE26\DEBUG\EXERCISE26.ILK
Z:\C PROGRAMMING\EXERCISE26\DEBUG\EXERCISE26.PDB
Z:\c programming\exercise26\exercise26\Debug\cl.command.1.tlog
Z:\c programming\exercise26\exercise26\Debug\CL.read.1.tlog
Z:\c programming\exercise26\exercise26\Debug\CL.write.1.tlog
Z:\c programming\exercise26\exercise26\Debug\exercise26.exe.embed.manifest
Z:\C PROGRAMMING\EXERCISE26\EXERCISE26\DEBUG\EXERCISE26.EXE.EMBED.MANIFEST.RES
Z:\C PROGRAMMING\EXERCISE26\EXERCISE26\DEBUG\EXERCISE26.EXE.INTERMEDIATE.MANIFEST
Z:\C PROGRAMMING\EXERCISE26\EXERCISE26\DEBUG\EXERCISE26.OBJ
Z:\c programming\exercise26\exercise26\Debug\exercise26_manifest.rc
Z:\c programming\exercise26\exercise26\Debug\link.command.1.tlog
Z:\c programming\exercise26\exercise26\Debug\link.read.1.tlog
Z:\c programming\exercise26\exercise26\Debug\link.write.1.tlog
Z:\c programming\exercise26\exercise26\Debug\link-cvtres.read.1.tlog
Z:\c programming\exercise26\exercise26\Debug\link-cvtres.write.1.tlog
Z:\c programming\exercise26\exercise26\Debug\mt.command.1.tlog
Z:\c programming\exercise26\exercise26\Debug\mt.read.1.tlog
Z:\c programming\exercise26\exercise26\Debug\mt.write.1.tlog
Z:\c programming\exercise26\exercise26\Debug\rc.command.1.tlog
Z:\c programming\exercise26\exercise26\Debug\rc.read.1.tlog
Z:\c programming\exercise26\exercise26\Debug\rc.write.1.tlog
Z:\c programming\exercise26\exercise26\Debug\vc100.idb
Z:\C PROGRAMMING\EXERCISE26\EXERCISE26\DEBUG\VC100.PDB
Z:\CPROGRAMING\EXERCISE26\DEBUG\EXERCISE26.EXE
Z:\CPROGRAMING\EXERCISE26\DEBUG\EXERCISE26.ILK
Z:\CPROGRAMING\EXERCISE26\DEBUG\EXERCISE26.PDB
Z:\CPROGRAMING\EXERCISE26\EXERCISE26\DEBUG\EXERCISE26.EXE.EMBED.MANIFEST
Z:\CPROGRAMING\EXERCISE26\EXERCISE26\DEBUG\EXERCISE26.EXE.EMBED.MANIFEST.RES
Z:\CPROGRAMING\EXERCISE26\EXERCISE26\DEBUG\EXERCISE26.EXE.INTERMEDIATE.MANIFEST
Z:\CPROGRAMING\EXERCISE26\EXERCISE26\DEBUG\EXERCISE26.OBJ
Z:\CPROGRAMING\EXERCISE26\EXERCISE26\DEBUG\VC100.PDB
