Build started 14.1.2011 16:02:49.
Project "Z:\c programming\exercise2f\exercise2f\exercise2f.vcxproj" on node 2 (build target(s)).
PrepareForBuild:
  Creating directory "Z:\c programming\exercise2f\Debug\".
InitializeBuildStatus:
  Creating "Debug\exercise2f.unsuccessfulbuild" because "AlwaysCreate" was specified.
ClCompile:
  C:\Program Files\Microsoft Visual Studio 10.0\VC\bin\CL.exe /c /ZI /nologo /W3 /WX- /Od /Oy- /D WIN32 /D _DEBUG /D _CONSOLE /D _UNICODE /D UNICODE /Gm /EHsc /RTC1 /MDd /GS /fp:precise /Zc:wchar_t /Zc:forScope /Fo"Debug\\" /Fd"Debug\vc100.pdb" /Gd /TC /analyze- /errorReport:prompt exercise.c
  exercise.c
ManifestResourceCompile:
  C:\Program Files\Microsoft SDKs\Windows\v7.0A\bin\rc.exe /nologo /fo"Debug\exercise2f.exe.embed.manifest.res" Debug\exercise2f_manifest.rc 
Link:
  C:\Program Files\Microsoft Visual Studio 10.0\VC\bin\link.exe /ERRORREPORT:PROMPT /OUT:"Z:\c programming\exercise2f\Debug\exercise2f.exe" /INCREMENTAL /NOLOGO kernel32.lib user32.lib gdi32.lib winspool.lib comdlg32.lib advapi32.lib shell32.lib ole32.lib oleaut32.lib uuid.lib odbc32.lib odbccp32.lib /MANIFEST /ManifestFile:"Debug\exercise2f.exe.intermediate.manifest" /MANIFESTUAC:"level='asInvoker' uiAccess='false'" /DEBUG /PDB:"Z:\c programming\exercise2f\Debug\exercise2f.pdb" /SUBSYSTEM:CONSOLE /TLBID:1 /DYNAMICBASE /NXCOMPAT /IMPLIB:"Z:\c programming\exercise2f\Debug\exercise2f.lib" /MACHINE:X86 Debug\exercise2f.exe.embed.manifest.res
  Debug\exercise.obj
Manifest:
  C:\Program Files\Microsoft SDKs\Windows\v7.0A\bin\mt.exe /nologo /verbose /out:"Debug\exercise2f.exe.embed.manifest" /manifest Debug\exercise2f.exe.intermediate.manifest
  C:\Program Files\Microsoft SDKs\Windows\v7.0A\bin\rc.exe /nologo /fo"Debug\exercise2f.exe.embed.manifest.res" Debug\exercise2f_manifest.rc 
LinkEmbedManifest:
  All outputs are up-to-date.
  exercise2f.vcxproj -> Z:\c programming\exercise2f\Debug\exercise2f.exe
FinalizeBuildStatus:
  Deleting file "Debug\exercise2f.unsuccessfulbuild".
  Touching "Debug\exercise2f.lastbuildstate".
Done Building Project "Z:\c programming\exercise2f\exercise2f\exercise2f.vcxproj" (build target(s)).

Build succeeded.

Time Elapsed 00:00:03.21
