Z:\c programming\exercise10\Debug\exercise10.exe
Z:\C PROGRAMMING\EXERCISE10\DEBUG\EXERCISE10.ILK
Z:\C PROGRAMMING\EXERCISE10\DEBUG\EXERCISE10.PDB
Z:\c programming\exercise10\exercise10\Debug\cl.command.1.tlog
Z:\c programming\exercise10\exercise10\Debug\CL.read.1.tlog
Z:\c programming\exercise10\exercise10\Debug\CL.write.1.tlog
Z:\c programming\exercise10\exercise10\Debug\exercise10.exe.embed.manifest
Z:\C PROGRAMMING\EXERCISE10\EXERCISE10\DEBUG\EXERCISE10.EXE.EMBED.MANIFEST.RES
Z:\C PROGRAMMING\EXERCISE10\EXERCISE10\DEBUG\EXERCISE10.EXE.INTERMEDIATE.MANIFEST
Z:\C PROGRAMMING\EXERCISE10\EXERCISE10\DEBUG\EXERCISE10.OBJ
Z:\c programming\exercise10\exercise10\Debug\exercise10_manifest.rc
Z:\c programming\exercise10\exercise10\Debug\link.3892.read.1.tlog
Z:\c programming\exercise10\exercise10\Debug\link.3892.write.1.tlog
Z:\c programming\exercise10\exercise10\Debug\link.3892-cvtres.read.1.tlog
Z:\c programming\exercise10\exercise10\Debug\link.3892-cvtres.write.1.tlog
Z:\c programming\exercise10\exercise10\Debug\link.command.1.tlog
Z:\c programming\exercise10\exercise10\Debug\link.read.1.tlog
Z:\c programming\exercise10\exercise10\Debug\link.write.1.tlog
Z:\c programming\exercise10\exercise10\Debug\link-cvtres.read.1.tlog
Z:\c programming\exercise10\exercise10\Debug\link-cvtres.write.1.tlog
Z:\c programming\exercise10\exercise10\Debug\mt.command.1.tlog
Z:\c programming\exercise10\exercise10\Debug\mt.read.1.tlog
Z:\c programming\exercise10\exercise10\Debug\mt.write.1.tlog
Z:\c programming\exercise10\exercise10\Debug\rc.command.1.tlog
Z:\c programming\exercise10\exercise10\Debug\rc.read.1.tlog
Z:\c programming\exercise10\exercise10\Debug\rc.write.1.tlog
Z:\c programming\exercise10\exercise10\Debug\vc100.idb
Z:\C PROGRAMMING\EXERCISE10\EXERCISE10\DEBUG\VC100.PDB
