Build started 13.4.2011 19:40:10.
Project "Z:\c programming\exercise27\exercise27\exercise27.vcxproj" on node 2 (build target(s)).
InitializeBuildStatus:
  Creating "Debug\exercise27.unsuccessfulbuild" because "AlwaysCreate" was specified.
ClCompile:
  C:\Program Files\Microsoft Visual Studio 10.0\VC\bin\CL.exe /c /ZI /nologo /W3 /WX- /Od /Oy- /D WIN32 /D _DEBUG /D _CONSOLE /D _UNICODE /D UNICODE /Gm /EHsc /RTC1 /MDd /GS /fp:precise /Zc:wchar_t /Zc:forScope /Fo"Debug\\" /Fd"Debug\vc100.pdb" /Gd /TC /analyze- /errorReport:prompt exercise27.c
  exercise27.c
z:\c programming\exercise27\exercise27\exercise27.c(5): warning C4005: 'NULL' : macro redefinition
          c:\program files\microsoft visual studio 10.0\vc\include\stdio.h(122) : see previous definition of 'NULL'
z:\c programming\exercise27\exercise27\exercise27.c(24): warning C4996: 'scanf': This function or variable may be unsafe. Consider using scanf_s instead. To disable deprecation, use _CRT_SECURE_NO_WARNINGS. See online help for details.
          c:\program files\microsoft visual studio 10.0\vc\include\stdio.h(304) : see declaration of 'scanf'
z:\c programming\exercise27\exercise27\exercise27.c(26): warning C4996: 'fopen': This function or variable may be unsafe. Consider using fopen_s instead. To disable deprecation, use _CRT_SECURE_NO_WARNINGS. See online help for details.
          c:\program files\microsoft visual studio 10.0\vc\include\stdio.h(234) : see declaration of 'fopen'
z:\c programming\exercise27\exercise27\exercise27.c(34): warning C4996: 'sscanf': This function or variable may be unsafe. Consider using sscanf_s instead. To disable deprecation, use _CRT_SECURE_NO_WARNINGS. See online help for details.
          c:\program files\microsoft visual studio 10.0\vc\include\stdio.h(325) : see declaration of 'sscanf'
z:\c programming\exercise27\exercise27\exercise27.c(40): warning C4996: 'sscanf': This function or variable may be unsafe. Consider using sscanf_s instead. To disable deprecation, use _CRT_SECURE_NO_WARNINGS. See online help for details.
          c:\program files\microsoft visual studio 10.0\vc\include\stdio.h(325) : see declaration of 'sscanf'
ManifestResourceCompile:
  All outputs are up-to-date.
Link:
  C:\Program Files\Microsoft Visual Studio 10.0\VC\bin\link.exe /ERRORREPORT:PROMPT /OUT:"Z:\c programming\exercise27\Debug\exercise27.exe" /INCREMENTAL /NOLOGO kernel32.lib user32.lib gdi32.lib winspool.lib comdlg32.lib advapi32.lib shell32.lib ole32.lib oleaut32.lib uuid.lib odbc32.lib odbccp32.lib /MANIFEST /ManifestFile:"Debug\exercise27.exe.intermediate.manifest" /MANIFESTUAC:"level='asInvoker' uiAccess='false'" /DEBUG /PDB:"Z:\c programming\exercise27\Debug\exercise27.pdb" /SUBSYSTEM:CONSOLE /TLBID:1 /DYNAMICBASE /NXCOMPAT /IMPLIB:"Z:\c programming\exercise27\Debug\exercise27.lib" /MACHINE:X86 Debug\exercise27.exe.embed.manifest.res
  Debug\exercise27.obj
Manifest:
  C:\Program Files\Microsoft SDKs\Windows\v7.0A\bin\mt.exe /nologo /verbose /out:"Debug\exercise27.exe.embed.manifest" /manifest Debug\exercise27.exe.intermediate.manifest
  All outputs are up-to-date.
LinkEmbedManifest:
  C:\Program Files\Microsoft Visual Studio 10.0\VC\bin\link.exe /ERRORREPORT:PROMPT /OUT:"Z:\c programming\exercise27\Debug\exercise27.exe" /INCREMENTAL /NOLOGO kernel32.lib user32.lib gdi32.lib winspool.lib comdlg32.lib advapi32.lib shell32.lib ole32.lib oleaut32.lib uuid.lib odbc32.lib odbccp32.lib /MANIFEST /ManifestFile:"Debug\exercise27.exe.intermediate.manifest" /MANIFESTUAC:"level='asInvoker' uiAccess='false'" /DEBUG /PDB:"Z:\c programming\exercise27\Debug\exercise27.pdb" /SUBSYSTEM:CONSOLE /TLBID:1 /DYNAMICBASE /NXCOMPAT /IMPLIB:"Z:\c programming\exercise27\Debug\exercise27.lib" /MACHINE:X86 Debug\exercise27.exe.embed.manifest.res
  Debug\exercise27.obj
  exercise27.vcxproj -> Z:\c programming\exercise27\Debug\exercise27.exe
FinalizeBuildStatus:
  Deleting file "Debug\exercise27.unsuccessfulbuild".
  Touching "Debug\exercise27.lastbuildstate".
Done Building Project "Z:\c programming\exercise27\exercise27\exercise27.vcxproj" (build target(s)).

Build succeeded.

Time Elapsed 00:00:05.57
