Z:\c programming\exercise13\Debug\exercise13.exe
Z:\c programming\exercise13\Debug\exercise13.ilk
Z:\C PROGRAMMING\EXERCISE13\DEBUG\EXERCISE13.PDB
Z:\c programming\exercise13\exercise13\Debug\cl.command.1.tlog
Z:\c programming\exercise13\exercise13\Debug\CL.read.1.tlog
Z:\c programming\exercise13\exercise13\Debug\CL.write.1.tlog
Z:\c programming\exercise13\exercise13\Debug\exercise13.exe.embed.manifest
Z:\C PROGRAMMING\EXERCISE13\EXERCISE13\DEBUG\EXERCISE13.EXE.EMBED.MANIFEST.RES
Z:\c programming\exercise13\exercise13\Debug\exercise13.exe.intermediate.manifest
Z:\C PROGRAMMING\EXERCISE13\EXERCISE13\DEBUG\EXERCISE13.OBJ
Z:\c programming\exercise13\exercise13\Debug\exercise13_manifest.rc
Z:\c programming\exercise13\exercise13\Debug\link.3336.read.1.tlog
Z:\c programming\exercise13\exercise13\Debug\link.3336.write.1.tlog
Z:\c programming\exercise13\exercise13\Debug\link.3336-cvtres.read.1.tlog
Z:\c programming\exercise13\exercise13\Debug\link.3336-cvtres.write.1.tlog
Z:\c programming\exercise13\exercise13\Debug\link.command.1.tlog
Z:\c programming\exercise13\exercise13\Debug\link.read.1.tlog
Z:\c programming\exercise13\exercise13\Debug\link.write.1.tlog
Z:\c programming\exercise13\exercise13\Debug\link-cvtres.read.1.tlog
Z:\c programming\exercise13\exercise13\Debug\link-cvtres.write.1.tlog
Z:\c programming\exercise13\exercise13\Debug\mt.command.1.tlog
Z:\c programming\exercise13\exercise13\Debug\mt.read.1.tlog
Z:\c programming\exercise13\exercise13\Debug\mt.write.1.tlog
Z:\c programming\exercise13\exercise13\Debug\rc.command.1.tlog
Z:\c programming\exercise13\exercise13\Debug\rc.read.1.tlog
Z:\c programming\exercise13\exercise13\Debug\rc.write.1.tlog
Z:\c programming\exercise13\exercise13\Debug\vc100.idb
Z:\C PROGRAMMING\EXERCISE13\EXERCISE13\DEBUG\VC100.PDB
