Z:\C PROGRAMMING\EXERCISE17\DEBUG\EXERCISE17.EXE
Z:\C PROGRAMMING\EXERCISE17\DEBUG\EXERCISE17.ILK
Z:\C PROGRAMMING\EXERCISE17\DEBUG\EXERCISE17.PDB
Z:\c programming\exercise17\exercise17\Debug\cl.command.1.tlog
Z:\c programming\exercise17\exercise17\Debug\CL.read.1.tlog
Z:\c programming\exercise17\exercise17\Debug\CL.write.1.tlog
Z:\C PROGRAMMING\EXERCISE17\EXERCISE17\DEBUG\EXERCISE17.EXE.EMBED.MANIFEST
Z:\C PROGRAMMING\EXERCISE17\EXERCISE17\DEBUG\EXERCISE17.EXE.EMBED.MANIFEST.RES
Z:\C PROGRAMMING\EXERCISE17\EXERCISE17\DEBUG\EXERCISE17.EXE.INTERMEDIATE.MANIFEST
Z:\C PROGRAMMING\EXERCISE17\EXERCISE17\DEBUG\EXERCISE17.OBJ
Z:\c programming\exercise17\exercise17\Debug\exercise17_manifest.rc
Z:\c programming\exercise17\exercise17\Debug\link.3752.read.1.tlog
Z:\c programming\exercise17\exercise17\Debug\link.3752.write.1.tlog
Z:\c programming\exercise17\exercise17\Debug\link.3752-cvtres.read.1.tlog
Z:\c programming\exercise17\exercise17\Debug\link.3752-cvtres.write.1.tlog
Z:\c programming\exercise17\exercise17\Debug\link.command.1.tlog
Z:\c programming\exercise17\exercise17\Debug\link.read.1.tlog
Z:\c programming\exercise17\exercise17\Debug\link.write.1.tlog
Z:\c programming\exercise17\exercise17\Debug\link-cvtres.read.1.tlog
Z:\c programming\exercise17\exercise17\Debug\link-cvtres.write.1.tlog
Z:\c programming\exercise17\exercise17\Debug\mt.command.1.tlog
Z:\c programming\exercise17\exercise17\Debug\mt.read.1.tlog
Z:\c programming\exercise17\exercise17\Debug\mt.write.1.tlog
Z:\c programming\exercise17\exercise17\Debug\rc.command.1.tlog
Z:\c programming\exercise17\exercise17\Debug\rc.read.1.tlog
Z:\c programming\exercise17\exercise17\Debug\rc.write.1.tlog
Z:\c programming\exercise17\exercise17\Debug\vc100.idb
Z:\C PROGRAMMING\EXERCISE17\EXERCISE17\DEBUG\VC100.PDB
