Z:\C PROGRAMMING\EXERCISE16\DEBUG\EXERCISE16.EXE
Z:\C PROGRAMMING\EXERCISE16\DEBUG\EXERCISE16.ILK
Z:\C PROGRAMMING\EXERCISE16\DEBUG\EXERCISE16.PDB
Z:\c programming\exercise16\exercise16\Debug\cl.command.1.tlog
Z:\c programming\exercise16\exercise16\Debug\CL.read.1.tlog
Z:\c programming\exercise16\exercise16\Debug\CL.write.1.tlog
Z:\c programming\exercise16\exercise16\Debug\exercise16.exe.embed.manifest
Z:\C PROGRAMMING\EXERCISE16\EXERCISE16\DEBUG\EXERCISE16.EXE.EMBED.MANIFEST.RES
Z:\C PROGRAMMING\EXERCISE16\EXERCISE16\DEBUG\EXERCISE16.EXE.INTERMEDIATE.MANIFEST
Z:\c programming\exercise16\exercise16\Debug\exercise16.obj
Z:\c programming\exercise16\exercise16\Debug\exercise16_manifest.rc
Z:\c programming\exercise16\exercise16\Debug\link.command.1.tlog
Z:\c programming\exercise16\exercise16\Debug\link.read.1.tlog
Z:\c programming\exercise16\exercise16\Debug\link.write.1.tlog
Z:\c programming\exercise16\exercise16\Debug\link-cvtres.read.1.tlog
Z:\c programming\exercise16\exercise16\Debug\link-cvtres.write.1.tlog
Z:\c programming\exercise16\exercise16\Debug\mt.command.1.tlog
Z:\c programming\exercise16\exercise16\Debug\mt.read.1.tlog
Z:\c programming\exercise16\exercise16\Debug\mt.write.1.tlog
Z:\c programming\exercise16\exercise16\Debug\rc.command.1.tlog
Z:\c programming\exercise16\exercise16\Debug\rc.read.1.tlog
Z:\c programming\exercise16\exercise16\Debug\rc.write.1.tlog
Z:\c programming\exercise16\exercise16\Debug\vc100.idb
Z:\C PROGRAMMING\EXERCISE16\EXERCISE16\DEBUG\VC100.PDB
