Z:\C PROGRAMMING\EXERCISE4\DEBUG\EXERCISE4.EXE
Z:\C PROGRAMMING\EXERCISE4\DEBUG\EXERCISE4.ILK
Z:\C PROGRAMMING\EXERCISE4\DEBUG\EXERCISE4.PDB
Z:\c programming\exercise4\exercise4\Debug\cl.command.1.tlog
Z:\c programming\exercise4\exercise4\Debug\CL.read.1.tlog
Z:\c programming\exercise4\exercise4\Debug\CL.write.1.tlog
Z:\c programming\exercise4\exercise4\Debug\exercise4.exe.embed.manifest
Z:\c programming\exercise4\exercise4\Debug\exercise4.exe.embed.manifest.res
Z:\C PROGRAMMING\EXERCISE4\EXERCISE4\DEBUG\EXERCISE4.EXE.INTERMEDIATE.MANIFEST
Z:\C PROGRAMMING\EXERCISE4\EXERCISE4\DEBUG\EXERCISE4.OBJ
Z:\c programming\exercise4\exercise4\Debug\exercise4_manifest.rc
Z:\c programming\exercise4\exercise4\Debug\link.4036.read.1.tlog
Z:\c programming\exercise4\exercise4\Debug\link.4036.write.1.tlog
Z:\c programming\exercise4\exercise4\Debug\link.4036-cvtres.read.1.tlog
Z:\c programming\exercise4\exercise4\Debug\link.4036-cvtres.write.1.tlog
Z:\c programming\exercise4\exercise4\Debug\link.command.1.tlog
Z:\c programming\exercise4\exercise4\Debug\link.read.1.tlog
Z:\c programming\exercise4\exercise4\Debug\link.write.1.tlog
Z:\c programming\exercise4\exercise4\Debug\link-cvtres.read.1.tlog
Z:\c programming\exercise4\exercise4\Debug\link-cvtres.write.1.tlog
Z:\c programming\exercise4\exercise4\Debug\mt.command.1.tlog
Z:\c programming\exercise4\exercise4\Debug\mt.read.1.tlog
Z:\c programming\exercise4\exercise4\Debug\mt.write.1.tlog
Z:\c programming\exercise4\exercise4\Debug\rc.command.1.tlog
Z:\c programming\exercise4\exercise4\Debug\rc.read.1.tlog
Z:\c programming\exercise4\exercise4\Debug\rc.write.1.tlog
Z:\c programming\exercise4\exercise4\Debug\vc100.idb
Z:\C PROGRAMMING\EXERCISE4\EXERCISE4\DEBUG\VC100.PDB
