Build started 2.3.2011 15:02:09.
Project "Z:\c programming\exercise200\exercise200\exercise200.vcxproj" on node 2 (build target(s)).
InitializeBuildStatus:
  Creating "Debug\exercise200.unsuccessfulbuild" because "AlwaysCreate" was specified.
ClCompile:
  C:\Program Files\Microsoft Visual Studio 10.0\VC\bin\CL.exe /c /ZI /nologo /W3 /WX- /Od /Oy- /D WIN32 /D _DEBUG /D _CONSOLE /D _UNICODE /D UNICODE /Gm /EHsc /RTC1 /MDd /GS /fp:precise /Zc:wchar_t /Zc:forScope /Fo"Debug\\" /Fd"Debug\vc100.pdb" /Gd /TC /analyze- /errorReport:prompt exercise20.c
  exercise20.c
ManifestResourceCompile:
  All outputs are up-to-date.
Link:
  C:\Program Files\Microsoft Visual Studio 10.0\VC\bin\link.exe /ERRORREPORT:PROMPT /OUT:"Z:\c programming\exercise200\Debug\exercise200.exe" /INCREMENTAL /NOLOGO kernel32.lib user32.lib gdi32.lib winspool.lib comdlg32.lib advapi32.lib shell32.lib ole32.lib oleaut32.lib uuid.lib odbc32.lib odbccp32.lib /MANIFEST /ManifestFile:"Debug\exercise200.exe.intermediate.manifest" /MANIFESTUAC:"level='asInvoker' uiAccess='false'" /DEBUG /PDB:"Z:\c programming\exercise200\Debug\exercise200.pdb" /SUBSYSTEM:CONSOLE /TLBID:1 /DYNAMICBASE /NXCOMPAT /IMPLIB:"Z:\c programming\exercise200\Debug\exercise200.lib" /MACHINE:X86 Debug\exercise200.exe.embed.manifest.res
  Debug\exercise20.obj
Manifest:
  C:\Program Files\Microsoft SDKs\Windows\v7.0A\bin\mt.exe /nologo /verbose /out:"Debug\exercise200.exe.embed.manifest" /manifest Debug\exercise200.exe.intermediate.manifest
  All outputs are up-to-date.
LinkEmbedManifest:
  C:\Program Files\Microsoft Visual Studio 10.0\VC\bin\link.exe /ERRORREPORT:PROMPT /OUT:"Z:\c programming\exercise200\Debug\exercise200.exe" /INCREMENTAL /NOLOGO kernel32.lib user32.lib gdi32.lib winspool.lib comdlg32.lib advapi32.lib shell32.lib ole32.lib oleaut32.lib uuid.lib odbc32.lib odbccp32.lib /MANIFEST /ManifestFile:"Debug\exercise200.exe.intermediate.manifest" /MANIFESTUAC:"level='asInvoker' uiAccess='false'" /DEBUG /PDB:"Z:\c programming\exercise200\Debug\exercise200.pdb" /SUBSYSTEM:CONSOLE /TLBID:1 /DYNAMICBASE /NXCOMPAT /IMPLIB:"Z:\c programming\exercise200\Debug\exercise200.lib" /MACHINE:X86 Debug\exercise200.exe.embed.manifest.res
  Debug\exercise20.obj
  exercise200.vcxproj -> Z:\c programming\exercise200\Debug\exercise200.exe
FinalizeBuildStatus:
  Deleting file "Debug\exercise200.unsuccessfulbuild".
  Touching "Debug\exercise200.lastbuildstate".
Done Building Project "Z:\c programming\exercise200\exercise200\exercise200.vcxproj" (build target(s)).

Build succeeded.

Time Elapsed 00:00:03.78
